\BOOKMARK [1][-]{section.1}{In\235tal\341cia a nastavenie VirtualBoxu}{}% 1
\BOOKMARK [2][-]{subsection.1.1}{Na stranke www.virtualbox.org stiahneme a spustime instalator virtualboxu}{section.1}% 2
\BOOKMARK [2][-]{subsection.1.2}{Next}{section.1}% 3
\BOOKMARK [2][-]{subsection.1.3}{Next}{section.1}% 4
\BOOKMARK [2][-]{subsection.1.4}{Vsetky checkboxy nechame zaskrtnute a pokrecujeme s next}{section.1}% 5
\BOOKMARK [2][-]{subsection.1.5}{Yes}{section.1}% 6
\BOOKMARK [2][-]{subsection.1.6}{Install}{section.1}% 7
\BOOKMARK [2][-]{subsection.1.7}{Chceme zapnut virtualbox a klikneme na Finish}{section.1}% 8
\BOOKMARK [2][-]{subsection.1.8}{File > Preferences}{section.1}% 9
\BOOKMARK [2][-]{subsection.1.9}{Update}{section.1}% 10
\BOOKMARK [2][-]{subsection.1.10}{Vypneme updaty}{section.1}% 11
\BOOKMARK [2][-]{subsection.1.11}{Pridame novy NatNetwork}{section.1}% 12
\BOOKMARK [1][-]{section.2}{In\235tal\341cia Windows 10}{}% 13
\BOOKMARK [2][-]{subsection.2.1}{Klikneme na 'New'}{section.2}% 14
\BOOKMARK [2][-]{subsection.2.2}{Nastavime vsetko podla obrazka a pokracujeme s 'Create'}{section.2}% 15
\BOOKMARK [2][-]{subsection.2.3}{Nastavime vsetko podla obrazka a pokracujeme s 'Create'}{section.2}% 16
\BOOKMARK [2][-]{subsection.2.4}{Klikneme 'Settings' na nasej novo vytvorenej VM}{section.2}% 17
\BOOKMARK [2][-]{subsection.2.5}{Nastavime vyznacene polozky podla obrazka}{section.2}% 18
\BOOKMARK [2][-]{subsection.2.6}{Nastavime vyznacene polozky podla obrazka}{section.2}% 19
\BOOKMARK [2][-]{subsection.2.7}{Nastavime vyznacene polozky podla obrazka}{section.2}% 20
\BOOKMARK [2][-]{subsection.2.8}{Pridame instalacny disk Windows 10}{section.2}% 21
\BOOKMARK [2][-]{subsection.2.9}{Pridame network adapter}{section.2}% 22
\BOOKMARK [2][-]{subsection.2.10}{Aktivujeme USB 3.0}{section.2}% 23
\BOOKMARK [2][-]{subsection.2.11}{Vytvorime Shared Folder}{section.2}% 24
\BOOKMARK [2][-]{subsection.2.12}{Auto-mount}{section.2}% 25
\BOOKMARK [2][-]{subsection.2.13}{Spustime VM pomocou 'Start' tlacitka}{section.2}% 26
\BOOKMARK [2][-]{subsection.2.14}{Nastavime podla obrazka a klikneme 'Next'}{section.2}% 27
\BOOKMARK [2][-]{subsection.2.15}{Klikneme 'Install now'}{section.2}% 28
\BOOKMARK [2][-]{subsection.2.16}{Zadame licencny kluc a klikneme 'Next'}{section.2}% 29
\BOOKMARK [2][-]{subsection.2.17}{Precitame a akceptujeme licencne podmienky a klikneme 'Next'}{section.2}% 30
\BOOKMARK [2][-]{subsection.2.18}{Pokracujeme s 'Custom Install'}{section.2}% 31
\BOOKMARK [2][-]{subsection.2.19}{Klikneme na 'New', vytvoria sa nam 2 particie a pokracujeme s 'Next'}{section.2}% 32
\BOOKMARK [2][-]{subsection.2.20}{Vyberieme si nas region a klikneme 'Yes'}{section.2}% 33
\BOOKMARK [2][-]{subsection.2.21}{Vyberieme si nas oblubeny layout klavesnice -> 'Yes'}{section.2}% 34
\BOOKMARK [2][-]{subsection.2.22}{Vyberieme si moznost 'Domain join instead'}{section.2}% 35
\BOOKMARK [2][-]{subsection.2.23}{Vytvorime uzivatelske meno v tvare 'StudentX' a pokracujeme 'Next'}{section.2}% 36
\BOOKMARK [2][-]{subsection.2.24}{Vytvorime si heslo, najlepsie 'password'\(ak sa nam niekto chce dostat do pocitaca tak sa ja dostane, silnejsie heslo ho vacsinou nezastavi\) -> 'Next'}{section.2}% 37
\BOOKMARK [2][-]{subsection.2.25}{Vyberieme si bezpecnostnu otazku a odpovieme na nu}{section.2}% 38
\BOOKMARK [2][-]{subsection.2.26}{Vyberieme si bezpecnostnu otazku a odpovieme na nu}{section.2}% 39
\BOOKMARK [2][-]{subsection.2.27}{Vyberieme si bezpecnostnu otazku a odpovieme na nu \(Microsoft sa nam snazi co najviac zneprijemnit vytvaranie lokalneho konta a nie ich online uctu\)}{section.2}% 40
\BOOKMARK [2][-]{subsection.2.28}{Nechceme nic dat Microsoftu -> 'Accept'}{section.2}% 41
\BOOKMARK [2][-]{subsection.2.29}{Nechceme nic dat Microsoftu -> 'Accept'}{section.2}% 42
\BOOKMARK [2][-]{subsection.2.30}{Nechceme nic dat Microsoftu -> 'Accept'}{section.2}% 43
\BOOKMARK [2][-]{subsection.2.31}{Nechceme nic dat Microsoftu -> 'Accept'}{section.2}% 44
\BOOKMARK [2][-]{subsection.2.32}{Nechceme nic dat Microsoftu -> 'Accept'}{section.2}% 45
\BOOKMARK [2][-]{subsection.2.33}{Nechceme nic dat Microsoftu -> 'Accept'}{section.2}% 46
\BOOKMARK [2][-]{subsection.2.34}{Nechceme nic dat Microsoftu -> 'Accept'}{section.2}% 47
\BOOKMARK [2][-]{subsection.2.35}{Otvorime ponuku Start}{section.2}% 48
\BOOKMARK [2][-]{subsection.2.36}{Vyhladame 'Computer Management'}{section.2}% 49
\BOOKMARK [2][-]{subsection.2.37}{Aktivujeme ucet 'Administrator'}{section.2}% 50
\BOOKMARK [2][-]{subsection.2.38}{Vytvorime heslo pre ucet Administrator}{section.2}% 51
\BOOKMARK [2][-]{subsection.2.39}{'Proceed'}{section.2}% 52
\BOOKMARK [2][-]{subsection.2.40}{'OK'}{section.2}% 53
\BOOKMARK [2][-]{subsection.2.41}{Vyhladame a pravym klikneme na This PC > Properties\(okej tie cervene ramceky ma uz prestali bavit\)}{section.2}% 54
\BOOKMARK [2][-]{subsection.2.42}{'Advanced system settings'}{section.2}% 55
\BOOKMARK [2][-]{subsection.2.43}{Nastavime computer description vo formate StudentX}{section.2}% 56
\BOOKMARK [2][-]{subsection.2.44}{V ponuke Start vyhladame program Services}{section.2}% 57
\BOOKMARK [2][-]{subsection.2.45}{Stopneme 'Windows update'}{section.2}% 58
\BOOKMARK [2][-]{subsection.2.46}{Pridame a spustime disk Guest Additions}{section.2}% 59
\BOOKMARK [2][-]{subsection.2.47}{Install}{section.2}% 60
\BOOKMARK [2][-]{subsection.2.48}{Finish}{section.2}% 61
\BOOKMARK [1][-]{section.3}{In\235tal\341cia Windows Server 2012 EN R2}{}% 62
\BOOKMARK [2][-]{subsection.3.1}{Nastavime polozky podla obrazka}{section.3}% 63
\BOOKMARK [2][-]{subsection.3.2}{Nastavime polozky podla obrazka}{section.3}% 64
\BOOKMARK [2][-]{subsection.3.3}{Otvorime 'Settings' novo vytvorenej VM}{section.3}% 65
\BOOKMARK [2][-]{subsection.3.4}{Nastavime polozky podla obrazka}{section.3}% 66
\BOOKMARK [2][-]{subsection.3.5}{Nastavime polozky podla obrazka}{section.3}% 67
\BOOKMARK [2][-]{subsection.3.6}{Nastavime polozky podla obrazka}{section.3}% 68
\BOOKMARK [2][-]{subsection.3.7}{Vlozime instalacny disk Windows 2016}{section.3}% 69
\BOOKMARK [2][-]{subsection.3.8}{Pridame network adapter}{section.3}% 70
\BOOKMARK [2][-]{subsection.3.9}{Spustime stlacenim 'Start' nasu VM}{section.3}% 71
\BOOKMARK [2][-]{subsection.3.10}{Podla obrazka a 'Next'}{section.3}% 72
\BOOKMARK [2][-]{subsection.3.11}{'Install now'}{section.3}% 73
\BOOKMARK [2][-]{subsection.3.12}{'I don't have a product key}{section.3}% 74
\BOOKMARK [2][-]{subsection.3.13}{Standard \(desktop experience\) -> 'Next'}{section.3}% 75
\BOOKMARK [2][-]{subsection.3.14}{Precitat a ak suhlasime tak dame fajku a pokracujeme s -> 'Next'}{section.3}% 76
\BOOKMARK [2][-]{subsection.3.15}{'Custom'}{section.3}% 77
\BOOKMARK [2][-]{subsection.3.16}{'New' -> 'Next'}{section.3}% 78
\BOOKMARK [2][-]{subsection.3.17}{Silne heslo}{section.3}% 79
\BOOKMARK [2][-]{subsection.3.18}{'Host + Delete', Host = pravy ctrl}{section.3}% 80
\BOOKMARK [2][-]{subsection.3.19}{Prihlasime sa}{section.3}% 81
\BOOKMARK [2][-]{subsection.3.20}{Klikneme na 'Not activated'}{section.3}% 82
\BOOKMARK [2][-]{subsection.3.21}{Vlozime nas product key}{section.3}% 83
\BOOKMARK [2][-]{subsection.3.22}{'Next'}{section.3}% 84
\BOOKMARK [2][-]{subsection.3.23}{Nas server je aktivoany :D}{section.3}% 85
\BOOKMARK [1][-]{section.4}{In\235tal\341cia Active Directory v Syst\351me Windows Server 2012}{}% 86
\BOOKMARK [2][-]{subsection.4.1}{Add roles and features}{section.4}% 87
\BOOKMARK [2][-]{subsection.4.2}{next}{section.4}% 88
\BOOKMARK [2][-]{subsection.4.3}{next}{section.4}% 89
\BOOKMARK [2][-]{subsection.4.4}{network settings}{section.4}% 90
\BOOKMARK [2][-]{subsection.4.5}{Properties}{section.4}% 91
\BOOKMARK [2][-]{subsection.4.6}{Ethernet}{section.4}% 92
\BOOKMARK [2][-]{subsection.4.7}{IPv4}{section.4}% 93
\BOOKMARK [2][-]{subsection.4.8}{Nastavime podla obrazka}{section.4}% 94
\BOOKMARK [2][-]{subsection.4.9}{Next a zaskrtneme active directoty}{section.4}% 95
\BOOKMARK [2][-]{subsection.4.10}{Po instalovani 'close'}{section.4}% 96
\BOOKMARK [1][-]{section.5}{Pridanie Role Servera DNS}{}% 97
\BOOKMARK [2][-]{subsection.5.1}{Add roles and features}{section.5}% 98
\BOOKMARK [2][-]{subsection.5.2}{Next}{section.5}% 99
\BOOKMARK [2][-]{subsection.5.3}{Next}{section.5}% 100
\BOOKMARK [2][-]{subsection.5.4}{Next}{section.5}% 101
\BOOKMARK [2][-]{subsection.5.5}{ADDS}{section.5}% 102
\BOOKMARK [2][-]{subsection.5.6}{ADD FEATURES}{section.5}% 103
\BOOKMARK [2][-]{subsection.5.7}{Next}{section.5}% 104
\BOOKMARK [2][-]{subsection.5.8}{Install}{section.5}% 105
\BOOKMARK [2][-]{subsection.5.9}{Close}{section.5}% 106
\BOOKMARK [2][-]{subsection.5.10}{Promote this server}{section.5}% 107
\BOOKMARK [2][-]{subsection.5.11}{Root domain name SPSEV.local}{section.5}% 108
\BOOKMARK [2][-]{subsection.5.12}{Nastavime silne heslo}{section.5}% 109
\BOOKMARK [2][-]{subsection.5.13}{Spsev}{section.5}% 110
\BOOKMARK [2][-]{subsection.5.14}{Next}{section.5}% 111
\BOOKMARK [2][-]{subsection.5.15}{Next}{section.5}% 112
\BOOKMARK [2][-]{subsection.5.16}{Next}{section.5}% 113
\BOOKMARK [2][-]{subsection.5.17}{Install}{section.5}% 114
\BOOKMARK [2][-]{subsection.5.18}{Pockalte na restart}{section.5}% 115
\BOOKMARK [1][-]{section.6}{Pridanie Role Servera DHCP}{}% 116
\BOOKMARK [2][-]{subsection.6.1}{Prihlasime sa so starym heslom}{section.6}% 117
\BOOKMARK [2][-]{subsection.6.2}{OK}{section.6}% 118
\BOOKMARK [2][-]{subsection.6.3}{Zadame nove heslo}{section.6}% 119
\BOOKMARK [2][-]{subsection.6.4}{Aha active directory aj dns uz je funkcne}{section.6}% 120
\BOOKMARK [2][-]{subsection.6.5}{Dashboard > add roles and features}{section.6}% 121
\BOOKMARK [2][-]{subsection.6.6}{Next}{section.6}% 122
\BOOKMARK [2][-]{subsection.6.7}{Next}{section.6}% 123
\BOOKMARK [2][-]{subsection.6.8}{DHCP Server}{section.6}% 124
\BOOKMARK [2][-]{subsection.6.9}{Add features}{section.6}% 125
\BOOKMARK [2][-]{subsection.6.10}{Next}{section.6}% 126
\BOOKMARK [2][-]{subsection.6.11}{Next}{section.6}% 127
\BOOKMARK [2][-]{subsection.6.12}{Install}{section.6}% 128
\BOOKMARK [2][-]{subsection.6.13}{Complete dhcp configuration}{section.6}% 129
\BOOKMARK [2][-]{subsection.6.14}{Next}{section.6}% 130
\BOOKMARK [2][-]{subsection.6.15}{Next}{section.6}% 131
\BOOKMARK [2][-]{subsection.6.16}{Commit}{section.6}% 132
\BOOKMARK [2][-]{subsection.6.17}{Close}{section.6}% 133
\BOOKMARK [1][-]{section.7}{Zaradenie Pracovnej Stanice do Dom\351ny}{}% 134
